<?xml version="1.0" encoding="UTF-8"?>
<coverage generated="1611015390383" clover="3.2.0">
  <project timestamp="1611015390383" name="All files">
    <metrics statements="7" coveredstatements="3" conditionals="0" coveredconditionals="0" methods="6" coveredmethods="2" elements="13" coveredelements="5" complexity="0" loc="7" ncloc="7" packages="3" files="3" classes="3"/>
    <package name="components">
      <metrics statements="6" coveredstatements="2" conditionals="0" coveredconditionals="0" methods="6" coveredmethods="2"/>
      <file name="Alert.vue" path="C:\Users\guilh\git\dynamic-alerts\src\components\Alert.vue">
        <metrics statements="6" coveredstatements="2" conditionals="0" coveredconditionals="0" methods="6" coveredmethods="2"/>
        <line num="74" count="0" type="stmt"/>
        <line num="75" count="2" type="stmt"/>
        <line num="76" count="0" type="stmt"/>
        <line num="77" count="0" type="stmt"/>
        <line num="83" count="0" type="stmt"/>
        <line num="98" count="2" type="stmt"/>
      </file>
    </package>
    <package name="i18n">
      <metrics statements="0" coveredstatements="0" conditionals="0" coveredconditionals="0" methods="0" coveredmethods="0"/>
      <file name="pt-BR.js" path="C:\Users\guilh\git\dynamic-alerts\src\i18n\pt-BR.js">
        <metrics statements="0" coveredstatements="0" conditionals="0" coveredconditionals="0" methods="0" coveredmethods="0"/>
      </file>
    </package>
    <package name="plugins">
      <metrics statements="1" coveredstatements="1" conditionals="0" coveredconditionals="0" methods="0" coveredmethods="0"/>
      <file name="i18n.js" path="C:\Users\guilh\git\dynamic-alerts\src\plugins\i18n.js">
        <metrics statements="1" coveredstatements="1" conditionals="0" coveredconditionals="0" methods="0" coveredmethods="0"/>
        <line num="6" count="2" type="stmt"/>
      </file>
    </package>
  </project>
</coverage>
