{"C:\\Users\\guilh\\git\\dynamic-alerts\\src\\components\\Alert.vue": {"path":"C:\\Users\\guilh\\git\\dynamic-alerts\\src\\components\\Alert.vue","statementMap":{"0":{"start":{"line":74,"column":0},"end":{"line":74,"column":null}},"1":{"start":{"line":75,"column":0},"end":{"line":75,"column":null}},"2":{"start":{"line":76,"column":0},"end":{"line":76,"column":null}},"3":{"start":{"line":77,"column":0},"end":{"line":77,"column":null}},"4":{"start":{"line":83,"column":0},"end":{"line":94,"column":null}},"5":{"start":{"line":98,"column":0},"end":{"line":100,"column":null}}},"fnMap":{"0":{"name":"(anonymous_0)","decl":{"start":{"line":74,"column":0},"end":{"line":74,"column":null}},"loc":{"start":{"line":74,"column":0},"end":{"line":74,"column":null}}},"1":{"name":"(anonymous_1)","decl":{"start":{"line":75,"column":0},"end":{"line":75,"column":null}},"loc":{"start":{"line":75,"column":0},"end":{"line":75,"column":null}}},"2":{"name":"(anonymous_2)","decl":{"start":{"line":76,"column":0},"end":{"line":76,"column":null}},"loc":{"start":{"line":76,"column":0},"end":{"line":76,"column":null}}},"3":{"name":"(anonymous_3)","decl":{"start":{"line":77,"column":0},"end":{"line":77,"column":null}},"loc":{"start":{"line":77,"column":0},"end":{"line":77,"column":null}}},"4":{"name":"(anonymous_4)","decl":{"start":{"line":83,"column":0},"end":{"line":83,"column":null}},"loc":{"start":{"line":83,"column":0},"end":{"line":94,"column":null}}},"5":{"name":"(anonymous_5)","decl":{"start":{"line":97,"column":0},"end":{"line":97,"column":null}},"loc":{"start":{"line":97,"column":0},"end":{"line":101,"column":null}}}},"branchMap":{},"s":{"0":0,"1":2,"2":0,"3":0,"4":0,"5":2},"f":{"0":0,"1":2,"2":0,"3":0,"4":0,"5":2},"b":{}}
,"C:\\Users\\guilh\\git\\dynamic-alerts\\src\\i18n\\pt-BR.js": {"path":"C:\\Users\\guilh\\git\\dynamic-alerts\\src\\i18n\\pt-BR.js","statementMap":{},"fnMap":{},"branchMap":{},"s":{},"f":{},"b":{},"_coverageSchema":"1a1c01bbd47fc00a2c39e90264f33305004495a9","hash":"9b145def16c5090539bf32c62a7fbf0588de7e5c"}
,"C:\\Users\\guilh\\git\\dynamic-alerts\\src\\plugins\\i18n.js": {"path":"C:\\Users\\guilh\\git\\dynamic-alerts\\src\\plugins\\i18n.js","statementMap":{"0":{"start":{"line":6,"column":0},"end":{"line":6,"column":16}}},"fnMap":{},"branchMap":{},"s":{"0":2},"f":{},"b":{},"_coverageSchema":"1a1c01bbd47fc00a2c39e90264f33305004495a9","hash":"e10212b9b308fe190cb770996dec95fb3291a226"}
}
