TN:
SF:src\components\Alert.vue
FN:74,(anonymous_0)
FN:75,(anonymous_1)
FN:76,(anonymous_2)
FN:77,(anonymous_3)
FN:83,(anonymous_4)
FN:97,(anonymous_5)
FNF:6
FNH:2
FNDA:0,(anonymous_0)
FNDA:2,(anonymous_1)
FNDA:0,(anonymous_2)
FNDA:0,(anonymous_3)
FNDA:0,(anonymous_4)
FNDA:2,(anonymous_5)
DA:74,0
DA:75,2
DA:76,0
DA:77,0
DA:83,0
DA:98,2
LF:6
LH:2
BRF:0
BRH:0
end_of_record
TN:
SF:src\i18n\pt-BR.js
FNF:0
FNH:0
LF:0
LH:0
BRF:0
BRH:0
end_of_record
TN:
SF:src\plugins\i18n.js
FNF:0
FNH:0
DA:6,2
LF:1
LH:1
BRF:0
BRH:0
end_of_record
